2016-20-09 22:24:50   INFO [ZaycevMaven.ZaycevMavenProject.ZaycevHomePage] : Home page opened
2016-20-09 22:24:50   INFO [ZaycevMaven.ZaycevMavenProject.ZaycevHomePage] : Button Enter clicked
2016-20-09 22:24:50   INFO [ZaycevMaven.ZaycevMavenProject.ZaycevHomePage] : Email entered
2016-20-09 22:24:50   INFO [ZaycevMaven.ZaycevMavenProject.ZaycevHomePage] : Password entered
2016-20-09 22:24:50   INFO [ZaycevMaven.ZaycevMavenProject.ZaycevHomePage] : Entry button Enter clicked
2016-20-09 22:24:50   INFO [ZaycevMaven.ZaycevMavenProject.ZaycevHomePage] : Got text from UserNam
2016-20-09 22:24:52  ERROR [ZaycevMaven.ZaycevMavenProject.ZaycevHomePage] : Some trouble with shuting browser org.openqa.selenium.remote.UnreachableBrowserException: Error communicating with the remote browser. It may have died.
Build info: version: 'unknown', revision: 'c7b525d', time: '2016-09-01 14:57:44 -0700'
System info: host: 'DESKTOP-8J5QEN7', ip: '172.22.62.28', os.name: 'Windows 10', os.arch: 'amd64', os.version: '10.0', java.version: '1.8.0_101'
Driver info: driver.version: RemoteWebDriver
Capabilities [{rotatable=false, raisesAccessibilityExceptions=false, appBuildId=20160823121617, version=, platform=XP, proxy={}, command_id=1, specificationLevel=0, acceptSslCerts=false, browserVersion=48.0.2, platformVersion=10.0, XULappId={ec8030f7-c20a-464f-9b0e-13a3a9e97384}, browserName=Firefox, takesScreenshot=true, takesElementScreenshot=true, platformName=Windows_NT, device=desktop}]
Session ID: 0283d81e-3689-4166-ab4b-30bb9289abb3
2016-20-09 22:28:16   INFO [ZaycevMaven.ZaycevMavenProject.ZaycevHomePage] : Home page opened
2016-20-09 22:28:16   INFO [ZaycevMaven.ZaycevMavenProject.ZaycevHomePage] : Button Enter clicked
2016-20-09 22:28:17   INFO [ZaycevMaven.ZaycevMavenProject.ZaycevHomePage] : Email entered
2016-20-09 22:28:17   INFO [ZaycevMaven.ZaycevMavenProject.ZaycevHomePage] : Password entered
2016-20-09 22:28:17   INFO [ZaycevMaven.ZaycevMavenProject.ZaycevHomePage] : Entry button Enter clicked
2016-20-09 22:28:17   INFO [ZaycevMaven.ZaycevMavenProject.ZaycevHomePage] : Poisk link clicked
2016-20-09 22:28:47  ERROR [ZaycevMaven.ZaycevMavenProject.ZaycevSearchingPage] : Error s Checkboxom Proxy element for: DefaultElementLocator 'By.xpath: .//*[@id='mailrusearchonpage']', ne nashlo navernoe, vot takoy error org.openqa.selenium.NoSuchElementException: Unable to locate element: .//*[@id='mailrusearchonpage'] (WARNING: The server did not provide any stacktrace information)
Command duration or timeout: 15.11 seconds
For documentation on this error, please visit: http://seleniumhq.org/exceptions/no_such_element.html
Build info: version: 'unknown', revision: 'c7b525d', time: '2016-09-01 14:57:44 -0700'
System info: host: 'DESKTOP-8J5QEN7', ip: '172.22.62.28', os.name: 'Windows 10', os.arch: 'amd64', os.version: '10.0', java.version: '1.8.0_101'
Driver info: org.openqa.selenium.firefox.FirefoxDriver
Capabilities [{rotatable=false, raisesAccessibilityExceptions=false, appBuildId=20160823121617, version=, platform=XP, proxy={}, command_id=1, specificationLevel=0, acceptSslCerts=false, browserVersion=48.0.2, platformVersion=10.0, XULappId={ec8030f7-c20a-464f-9b0e-13a3a9e97384}, browserName=Firefox, takesScreenshot=true, takesElementScreenshot=true, platformName=Windows_NT, device=desktop}]
Session ID: 3f3228d5-b42d-4fb4-a267-77f4937c01e8
*** Element info: {Using=xpath, value=.//*[@id='mailrusearchonpage']}
2016-20-09 22:29:02  ERROR [ZaycevMaven.ZaycevMavenProject.ZaycevSearchingPage] : Song isn't inserted org.openqa.selenium.NoSuchElementException: Unable to locate element: .//*[@id='search-form-query'] (WARNING: The server did not provide any stacktrace information)
Command duration or timeout: 15.10 seconds
For documentation on this error, please visit: http://seleniumhq.org/exceptions/no_such_element.html
Build info: version: 'unknown', revision: 'c7b525d', time: '2016-09-01 14:57:44 -0700'
System info: host: 'DESKTOP-8J5QEN7', ip: '172.22.62.28', os.name: 'Windows 10', os.arch: 'amd64', os.version: '10.0', java.version: '1.8.0_101'
Driver info: org.openqa.selenium.firefox.FirefoxDriver
Capabilities [{rotatable=false, raisesAccessibilityExceptions=false, appBuildId=20160823121617, version=, platform=XP, proxy={}, command_id=1, specificationLevel=0, acceptSslCerts=false, browserVersion=48.0.2, platformVersion=10.0, XULappId={ec8030f7-c20a-464f-9b0e-13a3a9e97384}, browserName=Firefox, takesScreenshot=true, takesElementScreenshot=true, platformName=Windows_NT, device=desktop}]
Session ID: 3f3228d5-b42d-4fb4-a267-77f4937c01e8
*** Element info: {Using=xpath, value=.//*[@id='search-form-query']}
2016-20-09 22:29:17  ERROR [ZaycevMaven.ZaycevMavenProject.ZaycevSearchingPage] : Error with Iskat Button org.openqa.selenium.NoSuchElementException: Unable to locate element: .//*[@id='search-form']//button (WARNING: The server did not provide any stacktrace information)
Command duration or timeout: 15.08 seconds
For documentation on this error, please visit: http://seleniumhq.org/exceptions/no_such_element.html
Build info: version: 'unknown', revision: 'c7b525d', time: '2016-09-01 14:57:44 -0700'
System info: host: 'DESKTOP-8J5QEN7', ip: '172.22.62.28', os.name: 'Windows 10', os.arch: 'amd64', os.version: '10.0', java.version: '1.8.0_101'
Driver info: org.openqa.selenium.firefox.FirefoxDriver
Capabilities [{rotatable=false, raisesAccessibilityExceptions=false, appBuildId=20160823121617, version=, platform=XP, proxy={}, command_id=1, specificationLevel=0, acceptSslCerts=false, browserVersion=48.0.2, platformVersion=10.0, XULappId={ec8030f7-c20a-464f-9b0e-13a3a9e97384}, browserName=Firefox, takesScreenshot=true, takesElementScreenshot=true, platformName=Windows_NT, device=desktop}]
Session ID: 3f3228d5-b42d-4fb4-a267-77f4937c01e8
*** Element info: {Using=xpath, value=.//*[@id='search-form']//button}
2016-20-09 22:29:27  ERROR [ZaycevMaven.ZaycevMavenProject.ZaycevSearchingPage] : Error with Play First Button org.openqa.selenium.NoSuchElementException: Unable to locate element: .//*[@class='musicset-track clearfix'][1]//i[@class='musicset-player__icon'] (WARNING: The server did not provide any stacktrace information)
Command duration or timeout: 10.04 seconds
For documentation on this error, please visit: http://seleniumhq.org/exceptions/no_such_element.html
Build info: version: 'unknown', revision: 'c7b525d', time: '2016-09-01 14:57:44 -0700'
System info: host: 'DESKTOP-8J5QEN7', ip: '172.22.62.28', os.name: 'Windows 10', os.arch: 'amd64', os.version: '10.0', java.version: '1.8.0_101'
Driver info: org.openqa.selenium.firefox.FirefoxDriver
Capabilities [{rotatable=false, raisesAccessibilityExceptions=false, appBuildId=20160823121617, version=, platform=XP, proxy={}, command_id=1, specificationLevel=0, acceptSslCerts=false, browserVersion=48.0.2, platformVersion=10.0, XULappId={ec8030f7-c20a-464f-9b0e-13a3a9e97384}, browserName=Firefox, takesScreenshot=true, takesElementScreenshot=true, platformName=Windows_NT, device=desktop}]
Session ID: 3f3228d5-b42d-4fb4-a267-77f4937c01e8
*** Element info: {Using=xpath, value=.//*[@class='musicset-track clearfix'][1]//i[@class='musicset-player__icon']}
2016-20-09 22:29:29  ERROR [ZaycevMaven.ZaycevMavenProject.ZaycevHomePage] : Some trouble with shuting browser org.openqa.selenium.remote.UnreachableBrowserException: Error communicating with the remote browser. It may have died.
Build info: version: 'unknown', revision: 'c7b525d', time: '2016-09-01 14:57:44 -0700'
System info: host: 'DESKTOP-8J5QEN7', ip: '172.22.62.28', os.name: 'Windows 10', os.arch: 'amd64', os.version: '10.0', java.version: '1.8.0_101'
Driver info: driver.version: RemoteWebDriver
Capabilities [{rotatable=false, raisesAccessibilityExceptions=false, appBuildId=20160823121617, version=, platform=XP, proxy={}, command_id=1, specificationLevel=0, acceptSslCerts=false, browserVersion=48.0.2, platformVersion=10.0, XULappId={ec8030f7-c20a-464f-9b0e-13a3a9e97384}, browserName=Firefox, takesScreenshot=true, takesElementScreenshot=true, platformName=Windows_NT, device=desktop}]
Session ID: 3f3228d5-b42d-4fb4-a267-77f4937c01e8
2016-20-09 22:30:23   INFO [ZaycevMaven.ZaycevMavenProject.ZaycevHomePage] : Home page opened
2016-20-09 22:30:23   INFO [ZaycevMaven.ZaycevMavenProject.ZaycevHomePage] : Button Enter clicked
2016-20-09 22:30:23   INFO [ZaycevMaven.ZaycevMavenProject.ZaycevHomePage] : Email entered
2016-20-09 22:30:24   INFO [ZaycevMaven.ZaycevMavenProject.ZaycevHomePage] : Password entered
2016-20-09 22:30:24   INFO [ZaycevMaven.ZaycevMavenProject.ZaycevHomePage] : Entry button Enter clicked
2016-20-09 22:30:24   INFO [ZaycevMaven.ZaycevMavenProject.ZaycevHomePage] : Got text from UserNam
2016-20-09 22:41:27   INFO [ZaycevMaven.ZaycevMavenProject.ZaycevHomePage] : Home page opened
2016-20-09 22:41:27   INFO [ZaycevMaven.ZaycevMavenProject.ZaycevHomePage] : Button Enter clicked
2016-20-09 22:41:27   INFO [ZaycevMaven.ZaycevMavenProject.ZaycevHomePage] : Email entered
2016-20-09 22:41:27   INFO [ZaycevMaven.ZaycevMavenProject.ZaycevHomePage] : Password entered
2016-20-09 22:41:27   INFO [ZaycevMaven.ZaycevMavenProject.ZaycevHomePage] : Entry button Enter clicked
2016-20-09 22:41:27   INFO [ZaycevMaven.ZaycevMavenProject.ZaycevHomePage] : Poisk link clicked
2016-20-09 22:41:52  ERROR [ZaycevMaven.ZaycevMavenProject.ZaycevHomePage] : Some trouble with shuting browser org.openqa.selenium.remote.UnreachableBrowserException: Error communicating with the remote browser. It may have died.
Build info: version: 'unknown', revision: 'c7b525d', time: '2016-09-01 14:57:44 -0700'
System info: host: 'DESKTOP-8J5QEN7', ip: '172.22.62.28', os.name: 'Windows 10', os.arch: 'amd64', os.version: '10.0', java.version: '1.8.0_101'
Driver info: driver.version: RemoteWebDriver
Capabilities [{rotatable=false, raisesAccessibilityExceptions=false, appBuildId=20160823121617, version=, platform=XP, proxy={}, command_id=1, specificationLevel=0, acceptSslCerts=false, browserVersion=48.0.2, platformVersion=10.0, XULappId={ec8030f7-c20a-464f-9b0e-13a3a9e97384}, browserName=Firefox, takesScreenshot=true, takesElementScreenshot=true, platformName=Windows_NT, device=desktop}]
Session ID: 83992924-b6aa-4d89-856d-9eda64505002
2016-20-09 22:46:49   INFO [ZaycevMaven.ZaycevMavenProject.ZaycevHomePage] : Home page opened
2016-20-09 22:46:49   INFO [ZaycevMaven.ZaycevMavenProject.ZaycevHomePage] : Button Enter clicked
2016-20-09 22:46:49   INFO [ZaycevMaven.ZaycevMavenProject.ZaycevHomePage] : Email entered
2016-20-09 22:46:49   INFO [ZaycevMaven.ZaycevMavenProject.ZaycevHomePage] : Password entered
2016-20-09 22:46:49   INFO [ZaycevMaven.ZaycevMavenProject.ZaycevHomePage] : Entry button Enter clicked
2016-20-09 22:46:49   INFO [ZaycevMaven.ZaycevMavenProject.ZaycevHomePage] : Got text from UserNam
2016-20-09 22:56:26   INFO [ZaycevMaven.ZaycevMavenProject.ZaycevHomePage] : Home page opened
2016-20-09 22:56:26   INFO [ZaycevMaven.ZaycevMavenProject.ZaycevHomePage] : Button Enter clicked
2016-20-09 22:56:26   INFO [ZaycevMaven.ZaycevMavenProject.ZaycevHomePage] : Email entered
2016-20-09 22:56:26   INFO [ZaycevMaven.ZaycevMavenProject.ZaycevHomePage] : Password entered
2016-20-09 22:56:26   INFO [ZaycevMaven.ZaycevMavenProject.ZaycevHomePage] : Entry button Enter clicked
2016-20-09 22:56:26   INFO [ZaycevMaven.ZaycevMavenProject.ZaycevHomePage] : Got text from UserNam
2016-25-09 18:22:50   INFO [ZaycevMaven.ZaycevMavenProject.ZaycevHomePage] : Home page opened
2016-25-09 18:22:50   INFO [ZaycevMaven.ZaycevMavenProject.ZaycevHomePage] : Button Enter clicked
2016-25-09 18:22:50   INFO [ZaycevMaven.ZaycevMavenProject.ZaycevHomePage] : Email entered
2016-25-09 18:22:50   INFO [ZaycevMaven.ZaycevMavenProject.ZaycevHomePage] : Password entered
2016-25-09 18:22:50   INFO [ZaycevMaven.ZaycevMavenProject.ZaycevHomePage] : Entry button Enter clicked
2016-25-09 18:22:50   INFO [ZaycevMaven.ZaycevMavenProject.ZaycevHomePage] : Got text from UserNam
2016-25-09 18:22:53  ERROR [ZaycevMaven.ZaycevMavenProject.ZaycevHomePage] : Some trouble with shuting browser org.openqa.selenium.remote.UnreachableBrowserException: Error communicating with the remote browser. It may have died.
Build info: version: 'unknown', revision: 'c7b525d', time: '2016-09-01 14:57:44 -0700'
System info: host: 'DESKTOP-8J5QEN7', ip: '192.168.1.150', os.name: 'Windows 10', os.arch: 'amd64', os.version: '10.0', java.version: '1.8.0_101'
Driver info: driver.version: RemoteWebDriver
Capabilities [{rotatable=false, raisesAccessibilityExceptions=false, appBuildId=20160823121617, version=, platform=XP, proxy={}, command_id=1, specificationLevel=0, acceptSslCerts=false, browserVersion=48.0.2, platformVersion=10.0, XULappId={ec8030f7-c20a-464f-9b0e-13a3a9e97384}, browserName=Firefox, takesScreenshot=true, takesElementScreenshot=true, platformName=Windows_NT, device=desktop}]
Session ID: 3d21617b-2049-4df9-8689-01d172f79091
2016-25-09 18:27:16   INFO [ZaycevMaven.ZaycevMavenProject.ZaycevHomePage] : Home page opened
2016-25-09 18:27:16   INFO [ZaycevMaven.ZaycevMavenProject.ZaycevHomePage] : Button Enter clicked
2016-25-09 18:27:17   INFO [ZaycevMaven.ZaycevMavenProject.ZaycevHomePage] : Email entered
2016-25-09 18:27:17   INFO [ZaycevMaven.ZaycevMavenProject.ZaycevHomePage] : Password entered
2016-25-09 18:27:18   INFO [ZaycevMaven.ZaycevMavenProject.ZaycevHomePage] : Entry button Enter clicked
2016-25-09 18:27:18   INFO [ZaycevMaven.ZaycevMavenProject.ZaycevHomePage] : Got text from UserNam
2016-25-09 18:27:19   INFO [ZaycevMaven.ZaycevMavenProject.ZaycevHomePage] : Driver shuted down
2016-25-09 19:14:12   INFO [ZaycevMaven.ZaycevMavenProject.ZaycevHomePage] : Home page opened
2016-25-09 19:14:12   INFO [ZaycevMaven.ZaycevMavenProject.ZaycevHomePage] : Button Enter clicked
2016-25-09 19:14:12   INFO [ZaycevMaven.ZaycevMavenProject.ZaycevHomePage] : Email entered
2016-25-09 19:14:12   INFO [ZaycevMaven.ZaycevMavenProject.ZaycevHomePage] : Password entered
2016-25-09 19:14:12   INFO [ZaycevMaven.ZaycevMavenProject.ZaycevHomePage] : Entry button Enter clicked
2016-25-09 19:14:12   INFO [ZaycevMaven.ZaycevMavenProject.ZaycevHomePage] : Got text from UserNam
2016-25-09 19:14:15  ERROR [ZaycevMaven.ZaycevMavenProject.ZaycevHomePage] : Some trouble with shuting browser org.openqa.selenium.remote.UnreachableBrowserException: Error communicating with the remote browser. It may have died.
Build info: version: 'unknown', revision: 'c7b525d', time: '2016-09-01 14:57:44 -0700'
System info: host: 'DESKTOP-8J5QEN7', ip: '192.168.1.150', os.name: 'Windows 10', os.arch: 'amd64', os.version: '10.0', java.version: '1.8.0_101'
Driver info: driver.version: RemoteWebDriver
Capabilities [{rotatable=false, raisesAccessibilityExceptions=false, appBuildId=20160823121617, version=, platform=XP, proxy={}, command_id=1, specificationLevel=0, acceptSslCerts=false, browserVersion=48.0.2, platformVersion=10.0, XULappId={ec8030f7-c20a-464f-9b0e-13a3a9e97384}, browserName=Firefox, takesScreenshot=true, takesElementScreenshot=true, platformName=Windows_NT, device=desktop}]
Session ID: 6dc30015-48d1-488e-8745-8e226080115c
2016-25-09 19:14:38   INFO [ZaycevMaven.ZaycevMavenProject.ZaycevHomePage] : Home page opened
2016-25-09 19:14:38   INFO [ZaycevMaven.ZaycevMavenProject.ZaycevHomePage] : Button Enter clicked
2016-25-09 19:14:39   INFO [ZaycevMaven.ZaycevMavenProject.ZaycevHomePage] : Email entered
2016-25-09 19:14:39   INFO [ZaycevMaven.ZaycevMavenProject.ZaycevHomePage] : Password entered
2016-25-09 19:14:40   INFO [ZaycevMaven.ZaycevMavenProject.ZaycevHomePage] : Entry button Enter clicked
2016-25-09 19:14:40   INFO [ZaycevMaven.ZaycevMavenProject.ZaycevHomePage] : Got text from UserNam
2016-25-09 19:14:41   INFO [ZaycevMaven.ZaycevMavenProject.ZaycevHomePage] : Driver shuted down
2016-25-09 19:25:03   INFO [ZaycevMaven.ZaycevMavenProject.ZaycevHomePage] : Home page opened
2016-25-09 19:25:03   INFO [ZaycevMaven.ZaycevMavenProject.ZaycevHomePage] : Button Enter clicked
2016-25-09 19:25:03   INFO [ZaycevMaven.ZaycevMavenProject.ZaycevHomePage] : Email entered
2016-25-09 19:25:04   INFO [ZaycevMaven.ZaycevMavenProject.ZaycevHomePage] : Password entered
2016-25-09 19:25:05   INFO [ZaycevMaven.ZaycevMavenProject.ZaycevHomePage] : Entry button Enter clicked
2016-25-09 19:25:38   INFO [ZaycevMaven.ZaycevMavenProject.ZaycevHomePage] : Poisk link clicked
2016-25-09 19:25:40   INFO [ZaycevMaven.ZaycevMavenProject.ZaycevHomePage] : Driver shuted down
2016-25-09 19:26:01   INFO [ZaycevMaven.ZaycevMavenProject.ZaycevHomePage] : Home page opened
2016-25-09 19:26:01   INFO [ZaycevMaven.ZaycevMavenProject.ZaycevHomePage] : Button Enter clicked
2016-25-09 19:26:01   INFO [ZaycevMaven.ZaycevMavenProject.ZaycevHomePage] : Email entered
2016-25-09 19:26:01   INFO [ZaycevMaven.ZaycevMavenProject.ZaycevHomePage] : Password entered
2016-25-09 19:26:03   INFO [ZaycevMaven.ZaycevMavenProject.ZaycevHomePage] : Entry button Enter clicked
2016-25-09 19:26:03   INFO [ZaycevMaven.ZaycevMavenProject.ZaycevHomePage] : Got text from UserNam
2016-25-09 19:26:04   INFO [ZaycevMaven.ZaycevMavenProject.ZaycevHomePage] : Driver shuted down
2016-25-09 19:28:18   INFO [ZaycevMaven.ZaycevMavenProject.ZaycevHomePage] : Home page opened
2016-25-09 19:28:18   INFO [ZaycevMaven.ZaycevMavenProject.ZaycevHomePage] : Button Enter clicked
2016-25-09 19:28:18   INFO [ZaycevMaven.ZaycevMavenProject.ZaycevHomePage] : Email entered
2016-25-09 19:28:19   INFO [ZaycevMaven.ZaycevMavenProject.ZaycevHomePage] : Password entered
2016-25-09 19:28:20   INFO [ZaycevMaven.ZaycevMavenProject.ZaycevHomePage] : Entry button Enter clicked
2016-25-09 19:28:22   INFO [ZaycevMaven.ZaycevMavenProject.ZaycevHomePage] : Poisk link clicked
2016-25-09 19:28:35   INFO [ZaycevMaven.ZaycevMavenProject.ZaycevHomePage] : Driver shuted down
2016-25-09 20:09:56   INFO [ZaycevMaven.ZaycevMavenProject.ZaycevHomePage] : Home page opened
2016-25-09 20:10:15  ERROR [ZaycevMaven.ZaycevMavenProject.ZaycevHomePage] : Some trouble with Button Enter org.openqa.selenium.WebDriverException: chrome not reachable
  (Session info: chrome=53.0.2785.116)
  (Driver info: chromedriver=2.24.417431 (9aea000394714d2fbb20850021f6204f2256b9cf),platform=Windows NT 10.0.14393 x86_64) (WARNING: The server did not provide any stacktrace information)
Command duration or timeout: 4.02 seconds
Build info: version: 'unknown', revision: 'c7b525d', time: '2016-09-01 14:57:44 -0700'
System info: host: 'DESKTOP-8J5QEN7', ip: '192.168.1.150', os.name: 'Windows 10', os.arch: 'amd64', os.version: '10.0', java.version: '1.8.0_101'
Driver info: org.openqa.selenium.chrome.ChromeDriver
Capabilities [{applicationCacheEnabled=false, rotatable=false, mobileEmulationEnabled=false, networkConnectionEnabled=false, chrome={chromedriverVersion=2.24.417431 (9aea000394714d2fbb20850021f6204f2256b9cf), userDataDir=C:\Users\Bond\AppData\Local\Temp\scoped_dir7560_806}, takesHeapSnapshot=true, pageLoadStrategy=normal, databaseEnabled=false, handlesAlerts=true, hasTouchScreen=false, version=53.0.2785.116, platform=XP, browserConnectionEnabled=false, nativeEvents=true, acceptSslCerts=true, locationContextEnabled=true, webStorageEnabled=true, browserName=chrome, takesScreenshot=true, javascriptEnabled=true, cssSelectorsEnabled=true}]
Session ID: 216b5016e7423c4a75abe90bb13dce1e
*** Element info: {Using=xpath, value=//div[@id='page-head']}
2016-25-09 20:12:30   INFO [ZaycevMaven.ZaycevMavenProject.ZaycevHomePage] : Home page opened
2016-25-09 20:12:30   INFO [ZaycevMaven.ZaycevMavenProject.ZaycevHomePage] : Button Enter clicked
2016-25-09 20:12:30   INFO [ZaycevMaven.ZaycevMavenProject.ZaycevHomePage] : Email entered
2016-25-09 20:12:30   INFO [ZaycevMaven.ZaycevMavenProject.ZaycevHomePage] : Password entered
2016-25-09 20:12:32   INFO [ZaycevMaven.ZaycevMavenProject.ZaycevHomePage] : Entry button Enter clicked
2016-25-09 20:12:32   INFO [ZaycevMaven.ZaycevMavenProject.ZaycevHomePage] : Got text from UserNam
2016-25-09 20:12:33   INFO [ZaycevMaven.ZaycevMavenProject.ZaycevHomePage] : Driver shuted down
2016-25-09 20:17:06   INFO [ZaycevMaven.ZaycevMavenProject.ZaycevHomePage] : Home page opened
2016-25-09 20:17:51  ERROR [ZaycevMaven.ZaycevMavenProject.ZaycevHomePage] : Some trouble with Button Enter org.openqa.selenium.NoSuchElementException: Timed out after 5 seconds. Unable to locate the element
For documentation on this error, please visit: http://seleniumhq.org/exceptions/no_such_element.html
Build info: version: 'unknown', revision: 'c7b525d', time: '2016-09-01 14:57:44 -0700'
System info: host: 'DESKTOP-8J5QEN7', ip: '192.168.1.150', os.name: 'Windows 10', os.arch: 'amd64', os.version: '10.0', java.version: '1.8.0_101'
Driver info: driver.version: unknown
2016-25-09 20:18:07  ERROR [ZaycevMaven.ZaycevMavenProject.ZaycevHomePage] : Some trouble with Email org.openqa.selenium.ElementNotVisibleException: element not visible
  (Session info: chrome=53.0.2785.116)
  (Driver info: chromedriver=2.24.417431 (9aea000394714d2fbb20850021f6204f2256b9cf),platform=Windows NT 10.0.14393 x86_64) (WARNING: The server did not provide any stacktrace information)
Command duration or timeout: 15.08 seconds
Build info: version: 'unknown', revision: 'c7b525d', time: '2016-09-01 14:57:44 -0700'
System info: host: 'DESKTOP-8J5QEN7', ip: '192.168.1.150', os.name: 'Windows 10', os.arch: 'amd64', os.version: '10.0', java.version: '1.8.0_101'
Driver info: org.openqa.selenium.chrome.ChromeDriver
Capabilities [{applicationCacheEnabled=false, rotatable=false, mobileEmulationEnabled=false, networkConnectionEnabled=false, chrome={chromedriverVersion=2.24.417431 (9aea000394714d2fbb20850021f6204f2256b9cf), userDataDir=C:\Users\Bond\AppData\Local\Temp\scoped_dir4708_2735}, takesHeapSnapshot=true, pageLoadStrategy=normal, databaseEnabled=false, handlesAlerts=true, hasTouchScreen=false, version=53.0.2785.116, platform=XP, browserConnectionEnabled=false, nativeEvents=true, acceptSslCerts=true, locationContextEnabled=true, webStorageEnabled=true, browserName=chrome, takesScreenshot=true, javascriptEnabled=true, cssSelectorsEnabled=true}]
Session ID: dfdc3bbfa86843cc6ed65b4cd48e367f
2016-26-09 22:12:52   INFO [ZaycevMaven.ZaycevMavenProject.ZaycevHomePage] : Home page opened
2016-26-09 22:12:52   INFO [ZaycevMaven.ZaycevMavenProject.ZaycevHomePage] : Button Enter clicked
2016-26-09 22:12:52   INFO [ZaycevMaven.ZaycevMavenProject.ZaycevHomePage] : Email entered
2016-26-09 22:12:52   INFO [ZaycevMaven.ZaycevMavenProject.ZaycevHomePage] : Password entered
2016-26-09 22:12:54   INFO [ZaycevMaven.ZaycevMavenProject.ZaycevHomePage] : Entry button Enter clicked
2016-26-09 22:12:54   INFO [ZaycevMaven.ZaycevMavenProject.ZaycevHomePage] : Got text from UserNam
2016-26-09 22:12:55   INFO [ZaycevMaven.ZaycevMavenProject.ZaycevHomePage] : Driver shuted down
2016-26-09 22:44:25   INFO [ZaycevMaven.ZaycevMavenProject.ZaycevHomePage] : Home page opened
2016-26-09 22:44:25   INFO [ZaycevMaven.ZaycevMavenProject.ZaycevHomePage] : Button Login clicked
2016-26-09 22:44:26   INFO [ZaycevMaven.ZaycevMavenProject.ZaycevHomePage] : Email entered
2016-26-09 22:44:26   INFO [ZaycevMaven.ZaycevMavenProject.ZaycevHomePage] : Password entered
2016-26-09 22:45:11  ERROR [ZaycevMaven.ZaycevMavenProject.ZaycevHomePage] : Some trouble with Button Entry button org.openqa.selenium.NoSuchElementException: Timed out after 5 seconds. Unable to locate the element
For documentation on this error, please visit: http://seleniumhq.org/exceptions/no_such_element.html
Build info: version: 'unknown', revision: 'c7b525d', time: '2016-09-01 14:57:44 -0700'
System info: host: 'DESKTOP-8J5QEN7', ip: '192.168.1.150', os.name: 'Windows 10', os.arch: 'amd64', os.version: '10.0', java.version: '1.8.0_101'
Driver info: driver.version: unknown
2016-26-09 22:45:11   INFO [ZaycevMaven.ZaycevMavenProject.ZaycevHomePage] : Got text from UserNam
2016-26-09 22:45:23  ERROR [ZaycevMaven.ZaycevMavenProject.ZaycevHomePage] : Some trouble with getting text from UserNam java.lang.NullPointerException
2016-26-09 22:45:24   INFO [ZaycevMaven.ZaycevMavenProject.ZaycevHomePage] : Driver shuted down
2016-26-09 22:51:40   INFO [ZaycevMaven.ZaycevMavenProject.ZaycevHomePage] : Home page opened
2016-26-09 22:51:40   INFO [ZaycevMaven.ZaycevMavenProject.ZaycevHomePage] : Button Login clicked
2016-26-09 22:51:40   INFO [ZaycevMaven.ZaycevMavenProject.ZaycevHomePage] : Email entered
2016-26-09 22:51:40   INFO [ZaycevMaven.ZaycevMavenProject.ZaycevHomePage] : Password entered
2016-26-09 22:51:42   INFO [ZaycevMaven.ZaycevMavenProject.ZaycevHomePage] : Entry button Enter clicked
2016-26-09 22:51:42   INFO [ZaycevMaven.ZaycevMavenProject.ZaycevHomePage] : Got text from UserNam
2016-26-09 22:51:43   INFO [ZaycevMaven.ZaycevMavenProject.ZaycevHomePage] : Driver shuted down
2016-26-09 23:20:01   INFO [ZaycevMaven.ZaycevMavenProject.ZaycevHomePage] : Home page opened
2016-26-09 23:20:01   INFO [ZaycevMaven.ZaycevMavenProject.ZaycevHomePage] : Button Login clicked
2016-26-09 23:20:01   INFO [ZaycevMaven.ZaycevMavenProject.ZaycevHomePage] : Email entered
2016-26-09 23:20:01   INFO [ZaycevMaven.ZaycevMavenProject.ZaycevHomePage] : Password entered
2016-26-09 23:20:03   INFO [ZaycevMaven.ZaycevMavenProject.ZaycevHomePage] : Entry button Enter clicked
2016-26-09 23:20:03   INFO [ZaycevMaven.ZaycevMavenProject.ZaycevHomePage] : Got text from UserNam
2016-26-09 23:20:05   INFO [ZaycevMaven.ZaycevMavenProject.ZaycevHomePage] : Driver shuted down
2016-26-09 23:46:44   INFO [ZaycevMaven.ZaycevMavenProject.ZaycevHomePage] : Home page opened
2016-26-09 23:46:44   INFO [ZaycevMaven.ZaycevMavenProject.ZaycevHomePage] : Button Login clicked
2016-26-09 23:46:44   INFO [ZaycevMaven.ZaycevMavenProject.ZaycevHomePage] : Email entered
2016-26-09 23:46:45   INFO [ZaycevMaven.ZaycevMavenProject.ZaycevHomePage] : Password entered
2016-26-09 23:47:45   INFO [ZaycevMaven.ZaycevMavenProject.ZaycevHomePage] : Entry button Enter clicked
2016-26-09 23:47:45   INFO [ZaycevMaven.ZaycevMavenProject.ZaycevHomePage] : Passed Text from Bad credentionals message
2016-26-09 23:47:45   INFO [ZaycevMaven.ZaycevMavenProject.ZaycevBadCredentialsPage] : Message about bad credentionals is displayed
2016-26-09 23:47:45   INFO [ZaycevMaven.ZaycevMavenProject.ZaycevBadCredentialsPage] : Got message about bad credentionals
2016-26-09 23:47:46   INFO [ZaycevMaven.ZaycevMavenProject.ZaycevHomePage] : Driver shuted down
2016-26-09 23:57:54   INFO [ZaycevMaven.ZaycevMavenProject.ZaycevHomePage] : Home page opened
2016-26-09 23:57:55   INFO [ZaycevMaven.ZaycevMavenProject.ZaycevHomePage] : Button Login clicked
2016-26-09 23:57:55   INFO [ZaycevMaven.ZaycevMavenProject.ZaycevHomePage] : Email entered
2016-26-09 23:57:55   INFO [ZaycevMaven.ZaycevMavenProject.ZaycevHomePage] : Password entered
2016-26-09 23:57:57   INFO [ZaycevMaven.ZaycevMavenProject.ZaycevHomePage] : Entry button Enter clicked
2016-26-09 23:57:58   INFO [ZaycevMaven.ZaycevMavenProject.ZaycevHomePage] : Poisk link clicked
2016-26-09 23:58:09  ERROR [ZaycevMaven.ZaycevMavenProject.ZaycevSearchingPage] : Error s Checkboxom Proxy element for: DefaultElementLocator 'By.xpath: .//*[@id='mailrusearchonpage']', ne nashlo navernoe, vot takoy error org.openqa.selenium.NoSuchElementException: no such element: Unable to locate element: {"method":"xpath","selector":".//*[@id='mailrusearchonpage']"}
  (Session info: chrome=53.0.2785.116)
  (Driver info: chromedriver=2.24.417431 (9aea000394714d2fbb20850021f6204f2256b9cf),platform=Windows NT 10.0.14393 x86_64) (WARNING: The server did not provide any stacktrace information)
Command duration or timeout: 5.03 seconds
For documentation on this error, please visit: http://seleniumhq.org/exceptions/no_such_element.html
Build info: version: 'unknown', revision: 'c7b525d', time: '2016-09-01 14:57:44 -0700'
System info: host: 'DESKTOP-8J5QEN7', ip: '192.168.1.150', os.name: 'Windows 10', os.arch: 'amd64', os.version: '10.0', java.version: '1.8.0_101'
Driver info: org.openqa.selenium.chrome.ChromeDriver
Capabilities [{applicationCacheEnabled=false, rotatable=false, mobileEmulationEnabled=false, networkConnectionEnabled=false, chrome={chromedriverVersion=2.24.417431 (9aea000394714d2fbb20850021f6204f2256b9cf), userDataDir=C:\Users\Bond\AppData\Local\Temp\scoped_dir7984_1898}, takesHeapSnapshot=true, pageLoadStrategy=normal, databaseEnabled=false, handlesAlerts=true, hasTouchScreen=false, version=53.0.2785.116, platform=XP, browserConnectionEnabled=false, nativeEvents=true, acceptSslCerts=true, locationContextEnabled=true, webStorageEnabled=true, browserName=chrome, takesScreenshot=true, javascriptEnabled=true, cssSelectorsEnabled=true}]
Session ID: 5b648435bea0e08b12891598deda632e
*** Element info: {Using=xpath, value=.//*[@id='mailrusearchonpage']}
2016-26-09 23:58:14  ERROR [ZaycevMaven.ZaycevMavenProject.ZaycevSearchingPage] : Song isn't inserted org.openqa.selenium.NoSuchElementException: no such element: Unable to locate element: {"method":"xpath","selector":".//*[@id='search-form-query']"}
  (Session info: chrome=53.0.2785.116)
  (Driver info: chromedriver=2.24.417431 (9aea000394714d2fbb20850021f6204f2256b9cf),platform=Windows NT 10.0.14393 x86_64) (WARNING: The server did not provide any stacktrace information)
Command duration or timeout: 5.04 seconds
For documentation on this error, please visit: http://seleniumhq.org/exceptions/no_such_element.html
Build info: version: 'unknown', revision: 'c7b525d', time: '2016-09-01 14:57:44 -0700'
System info: host: 'DESKTOP-8J5QEN7', ip: '192.168.1.150', os.name: 'Windows 10', os.arch: 'amd64', os.version: '10.0', java.version: '1.8.0_101'
Driver info: org.openqa.selenium.chrome.ChromeDriver
Capabilities [{applicationCacheEnabled=false, rotatable=false, mobileEmulationEnabled=false, networkConnectionEnabled=false, chrome={chromedriverVersion=2.24.417431 (9aea000394714d2fbb20850021f6204f2256b9cf), userDataDir=C:\Users\Bond\AppData\Local\Temp\scoped_dir7984_1898}, takesHeapSnapshot=true, pageLoadStrategy=normal, databaseEnabled=false, handlesAlerts=true, hasTouchScreen=false, version=53.0.2785.116, platform=XP, browserConnectionEnabled=false, nativeEvents=true, acceptSslCerts=true, locationContextEnabled=true, webStorageEnabled=true, browserName=chrome, takesScreenshot=true, javascriptEnabled=true, cssSelectorsEnabled=true}]
Session ID: 5b648435bea0e08b12891598deda632e
*** Element info: {Using=xpath, value=.//*[@id='search-form-query']}
2016-26-09 23:58:19  ERROR [ZaycevMaven.ZaycevMavenProject.ZaycevSearchingPage] : Error with Iskat Button org.openqa.selenium.NoSuchElementException: no such element: Unable to locate element: {"method":"xpath","selector":".//*[@id='search-form']//button"}
  (Session info: chrome=53.0.2785.116)
  (Driver info: chromedriver=2.24.417431 (9aea000394714d2fbb20850021f6204f2256b9cf),platform=Windows NT 10.0.14393 x86_64) (WARNING: The server did not provide any stacktrace information)
Command duration or timeout: 5.04 seconds
For documentation on this error, please visit: http://seleniumhq.org/exceptions/no_such_element.html
Build info: version: 'unknown', revision: 'c7b525d', time: '2016-09-01 14:57:44 -0700'
System info: host: 'DESKTOP-8J5QEN7', ip: '192.168.1.150', os.name: 'Windows 10', os.arch: 'amd64', os.version: '10.0', java.version: '1.8.0_101'
Driver info: org.openqa.selenium.chrome.ChromeDriver
Capabilities [{applicationCacheEnabled=false, rotatable=false, mobileEmulationEnabled=false, networkConnectionEnabled=false, chrome={chromedriverVersion=2.24.417431 (9aea000394714d2fbb20850021f6204f2256b9cf), userDataDir=C:\Users\Bond\AppData\Local\Temp\scoped_dir7984_1898}, takesHeapSnapshot=true, pageLoadStrategy=normal, databaseEnabled=false, handlesAlerts=true, hasTouchScreen=false, version=53.0.2785.116, platform=XP, browserConnectionEnabled=false, nativeEvents=true, acceptSslCerts=true, locationContextEnabled=true, webStorageEnabled=true, browserName=chrome, takesScreenshot=true, javascriptEnabled=true, cssSelectorsEnabled=true}]
Session ID: 5b648435bea0e08b12891598deda632e
*** Element info: {Using=xpath, value=.//*[@id='search-form']//button}
2016-26-09 23:58:29  ERROR [ZaycevMaven.ZaycevMavenProject.ZaycevSearchingPage] : Error with Play First Button org.openqa.selenium.NoSuchElementException: no such element: Unable to locate element: {"method":"xpath","selector":".//*[@class='musicset-track clearfix'][1]//i[@class='musicset-player__icon']"}
  (Session info: chrome=53.0.2785.116)
  (Driver info: chromedriver=2.24.417431 (9aea000394714d2fbb20850021f6204f2256b9cf),platform=Windows NT 10.0.14393 x86_64) (WARNING: The server did not provide any stacktrace information)
Command duration or timeout: 10.06 seconds
For documentation on this error, please visit: http://seleniumhq.org/exceptions/no_such_element.html
Build info: version: 'unknown', revision: 'c7b525d', time: '2016-09-01 14:57:44 -0700'
System info: host: 'DESKTOP-8J5QEN7', ip: '192.168.1.150', os.name: 'Windows 10', os.arch: 'amd64', os.version: '10.0', java.version: '1.8.0_101'
Driver info: org.openqa.selenium.chrome.ChromeDriver
Capabilities [{applicationCacheEnabled=false, rotatable=false, mobileEmulationEnabled=false, networkConnectionEnabled=false, chrome={chromedriverVersion=2.24.417431 (9aea000394714d2fbb20850021f6204f2256b9cf), userDataDir=C:\Users\Bond\AppData\Local\Temp\scoped_dir7984_1898}, takesHeapSnapshot=true, pageLoadStrategy=normal, databaseEnabled=false, handlesAlerts=true, hasTouchScreen=false, version=53.0.2785.116, platform=XP, browserConnectionEnabled=false, nativeEvents=true, acceptSslCerts=true, locationContextEnabled=true, webStorageEnabled=true, browserName=chrome, takesScreenshot=true, javascriptEnabled=true, cssSelectorsEnabled=true}]
Session ID: 5b648435bea0e08b12891598deda632e
*** Element info: {Using=xpath, value=.//*[@class='musicset-track clearfix'][1]//i[@class='musicset-player__icon']}
2016-26-09 23:58:30   INFO [ZaycevMaven.ZaycevMavenProject.ZaycevHomePage] : Driver shuted down
2016-27-09 00:00:54   INFO [ZaycevMaven.ZaycevMavenProject.ZaycevHomePage] : Home page opened
2016-27-09 00:00:54   INFO [ZaycevMaven.ZaycevMavenProject.ZaycevHomePage] : Button Login clicked
2016-27-09 00:00:54   INFO [ZaycevMaven.ZaycevMavenProject.ZaycevHomePage] : Email entered
2016-27-09 00:00:54   INFO [ZaycevMaven.ZaycevMavenProject.ZaycevHomePage] : Password entered
2016-27-09 00:00:56   INFO [ZaycevMaven.ZaycevMavenProject.ZaycevHomePage] : Entry button Enter clicked
2016-27-09 00:00:58   INFO [ZaycevMaven.ZaycevMavenProject.ZaycevHomePage] : Poisk link clicked
2016-27-09 00:01:03  ERROR [ZaycevMaven.ZaycevMavenProject.ZaycevSearchingPage] : Song isn't inserted org.openqa.selenium.NoSuchElementException: no such element: Unable to locate element: {"method":"xpath","selector":".//*[@id='search-form-query']"}
  (Session info: chrome=53.0.2785.116)
  (Driver info: chromedriver=2.24.417431 (9aea000394714d2fbb20850021f6204f2256b9cf),platform=Windows NT 10.0.14393 x86_64) (WARNING: The server did not provide any stacktrace information)
Command duration or timeout: 5.05 seconds
For documentation on this error, please visit: http://seleniumhq.org/exceptions/no_such_element.html
Build info: version: 'unknown', revision: 'c7b525d', time: '2016-09-01 14:57:44 -0700'
System info: host: 'DESKTOP-8J5QEN7', ip: '192.168.1.150', os.name: 'Windows 10', os.arch: 'amd64', os.version: '10.0', java.version: '1.8.0_101'
Driver info: org.openqa.selenium.chrome.ChromeDriver
Capabilities [{applicationCacheEnabled=false, rotatable=false, mobileEmulationEnabled=false, networkConnectionEnabled=false, chrome={chromedriverVersion=2.24.417431 (9aea000394714d2fbb20850021f6204f2256b9cf), userDataDir=C:\Users\Bond\AppData\Local\Temp\scoped_dir8136_12647}, takesHeapSnapshot=true, pageLoadStrategy=normal, databaseEnabled=false, handlesAlerts=true, hasTouchScreen=false, version=53.0.2785.116, platform=XP, browserConnectionEnabled=false, nativeEvents=true, acceptSslCerts=true, locationContextEnabled=true, webStorageEnabled=true, browserName=chrome, takesScreenshot=true, javascriptEnabled=true, cssSelectorsEnabled=true}]
Session ID: 7d908f8990a69ae476a3bcd7e44671f4
*** Element info: {Using=xpath, value=.//*[@id='search-form-query']}
2016-27-09 00:01:11   INFO [ZaycevMaven.ZaycevMavenProject.ZaycevSearchingPage] : Iskat Button pressed
2016-27-09 00:03:12   INFO [ZaycevMaven.ZaycevMavenProject.ZaycevHomePage] : Home page opened
2016-27-09 00:03:12   INFO [ZaycevMaven.ZaycevMavenProject.ZaycevHomePage] : Button Login clicked
2016-27-09 00:03:12   INFO [ZaycevMaven.ZaycevMavenProject.ZaycevHomePage] : Email entered
2016-27-09 00:03:12   INFO [ZaycevMaven.ZaycevMavenProject.ZaycevHomePage] : Password entered
2016-27-09 00:03:37   INFO [ZaycevMaven.ZaycevMavenProject.ZaycevHomePage] : Entry button Enter clicked
2016-27-09 00:03:39   INFO [ZaycevMaven.ZaycevMavenProject.ZaycevHomePage] : Poisk link clicked
2016-27-09 00:03:42   INFO [ZaycevMaven.ZaycevMavenProject.ZaycevSearchingPage] : Iskat Button pressed
2016-27-09 00:03:43   INFO [ZaycevMaven.ZaycevMavenProject.ZaycevSearchingPage] : Play First Song Button pressed
2016-27-09 00:03:43   INFO [ZaycevMaven.ZaycevMavenProject.ZaycevSearchingPage] : First song is playinnig progress bar displayed
2016-27-09 00:03:45   INFO [ZaycevMaven.ZaycevMavenProject.ZaycevHomePage] : Driver shuted down
2016-28-09 01:27:31   INFO [ZaycevMaven.ZaycevMavenProject.ZaycevHomePage] : Home page opened
2016-28-09 01:27:31   INFO [ZaycevMaven.ZaycevMavenProject.ZaycevHomePage] : Button Login clicked
2016-28-09 01:27:31   INFO [ZaycevMaven.ZaycevMavenProject.ZaycevHomePage] : Email entered
2016-28-09 01:27:32   INFO [ZaycevMaven.ZaycevMavenProject.ZaycevHomePage] : Password entered
2016-28-09 01:27:34   INFO [ZaycevMaven.ZaycevMavenProject.ZaycevHomePage] : Entry button Enter clicked
2016-28-09 01:27:36   INFO [ZaycevMaven.ZaycevMavenProject.ZaycevHomePage] : Poisk link clicked
2016-28-09 01:27:39   INFO [ZaycevMaven.ZaycevMavenProject.ZaycevSearchingPage] : Iskat Button pressed
2016-28-09 01:27:39  ERROR [ZaycevMaven.ZaycevMavenProject.ZaycevSearchingPage] : Error with Download First Button java.lang.NullPointerException
2016-28-09 01:27:39   INFO [ZaycevMaven.ZaycevMavenProject.AcdcPage] : will get song group name which we want to download
2016-28-09 01:27:55  ERROR [ZaycevMaven.ZaycevMavenProject.AcdcPage] : Couldn't find song name what we want to download org.openqa.selenium.NoSuchElementException: Timed out after 5 seconds. Unable to locate the element
For documentation on this error, please visit: http://seleniumhq.org/exceptions/no_such_element.html
Build info: version: 'unknown', revision: 'c7b525d', time: '2016-09-01 14:57:44 -0700'
System info: host: 'DESKTOP-8J5QEN7', ip: '192.168.1.150', os.name: 'Windows 10', os.arch: 'amd64', os.version: '10.0', java.version: '1.8.0_101'
Driver info: driver.version: unknown
2016-28-09 01:27:56   INFO [ZaycevMaven.ZaycevMavenProject.ZaycevHomePage] : Driver shuted down
2016-28-09 01:32:59   INFO [ZaycevMaven.ZaycevMavenProject.ZaycevHomePage] : Home page opened
2016-28-09 01:32:59   INFO [ZaycevMaven.ZaycevMavenProject.ZaycevHomePage] : Button Login clicked
2016-28-09 01:32:59   INFO [ZaycevMaven.ZaycevMavenProject.ZaycevHomePage] : Email entered
2016-28-09 01:32:59   INFO [ZaycevMaven.ZaycevMavenProject.ZaycevHomePage] : Password entered
2016-28-09 01:33:01   INFO [ZaycevMaven.ZaycevMavenProject.ZaycevHomePage] : Entry button Enter clicked
2016-28-09 01:33:04   INFO [ZaycevMaven.ZaycevMavenProject.ZaycevHomePage] : Poisk link clicked
2016-28-09 01:33:08   INFO [ZaycevMaven.ZaycevMavenProject.ZaycevSearchingPage] : Iskat Button pressed
2016-28-09 01:33:08  ERROR [ZaycevMaven.ZaycevMavenProject.ZaycevSearchingPage] : Error with Download First Button java.lang.NullPointerException
2016-28-09 01:33:08   INFO [ZaycevMaven.ZaycevMavenProject.AcdcPage] : will get song group name which we want to download
2016-28-09 01:33:24  ERROR [ZaycevMaven.ZaycevMavenProject.AcdcPage] : Couldn't find song name what we want to download org.openqa.selenium.NoSuchElementException: Timed out after 5 seconds. Unable to locate the element
For documentation on this error, please visit: http://seleniumhq.org/exceptions/no_such_element.html
Build info: version: 'unknown', revision: 'c7b525d', time: '2016-09-01 14:57:44 -0700'
System info: host: 'DESKTOP-8J5QEN7', ip: '192.168.1.150', os.name: 'Windows 10', os.arch: 'amd64', os.version: '10.0', java.version: '1.8.0_101'
Driver info: driver.version: unknown
2016-28-09 01:33:25   INFO [ZaycevMaven.ZaycevMavenProject.ZaycevHomePage] : Driver shuted down
2016-28-09 01:37:58   INFO [ZaycevMaven.ZaycevMavenProject.ZaycevHomePage] : Home page opened
2016-28-09 01:37:58   INFO [ZaycevMaven.ZaycevMavenProject.ZaycevHomePage] : Button Login clicked
2016-28-09 01:37:58   INFO [ZaycevMaven.ZaycevMavenProject.ZaycevHomePage] : Email entered
2016-28-09 01:37:59   INFO [ZaycevMaven.ZaycevMavenProject.ZaycevHomePage] : Password entered
2016-28-09 01:38:01   INFO [ZaycevMaven.ZaycevMavenProject.ZaycevHomePage] : Entry button Enter clicked
2016-28-09 01:38:02   INFO [ZaycevMaven.ZaycevMavenProject.ZaycevHomePage] : Poisk link clicked
2016-28-09 01:38:07   INFO [ZaycevMaven.ZaycevMavenProject.ZaycevSearchingPage] : Iskat Button pressed
2016-28-09 01:38:07  ERROR [ZaycevMaven.ZaycevMavenProject.ZaycevSearchingPage] : Error with Download First Button java.lang.NullPointerException
2016-28-09 01:38:07   INFO [ZaycevMaven.ZaycevMavenProject.AcdcPage] : will get song group name which we want to download
2016-28-09 01:38:22  ERROR [ZaycevMaven.ZaycevMavenProject.AcdcPage] : Couldn't find song name what we want to download org.openqa.selenium.NoSuchElementException: Timed out after 5 seconds. Unable to locate the element
For documentation on this error, please visit: http://seleniumhq.org/exceptions/no_such_element.html
Build info: version: 'unknown', revision: 'c7b525d', time: '2016-09-01 14:57:44 -0700'
System info: host: 'DESKTOP-8J5QEN7', ip: '192.168.1.150', os.name: 'Windows 10', os.arch: 'amd64', os.version: '10.0', java.version: '1.8.0_101'
Driver info: driver.version: unknown
2016-28-09 01:38:24   INFO [ZaycevMaven.ZaycevMavenProject.ZaycevHomePage] : Driver shuted down
